0 info it worked if it ends with ok
1 verbose cli [ 'node',
1 verbose cli   '/usr/local/bin/npm',
1 verbose cli   'install',
1 verbose cli   '-g',
1 verbose cli   'bower',
1 verbose cli   'grunt-cli' ]
2 info using npm@1.4.28
3 info using node@v0.10.32
4 verbose cache add [ 'bower', null ]
5 verbose cache add name=undefined spec="bower" args=["bower",null]
6 verbose parsed url { protocol: null,
6 verbose parsed url   slashes: null,
6 verbose parsed url   auth: null,
6 verbose parsed url   host: null,
6 verbose parsed url   port: null,
6 verbose parsed url   hostname: null,
6 verbose parsed url   hash: null,
6 verbose parsed url   search: null,
6 verbose parsed url   query: null,
6 verbose parsed url   pathname: 'bower',
6 verbose parsed url   path: 'bower',
6 verbose parsed url   href: 'bower' }
7 verbose cache add [ 'grunt-cli', null ]
8 verbose cache add name=undefined spec="grunt-cli" args=["grunt-cli",null]
9 verbose parsed url { protocol: null,
9 verbose parsed url   slashes: null,
9 verbose parsed url   auth: null,
9 verbose parsed url   host: null,
9 verbose parsed url   port: null,
9 verbose parsed url   hostname: null,
9 verbose parsed url   hash: null,
9 verbose parsed url   search: null,
9 verbose parsed url   query: null,
9 verbose parsed url   pathname: 'grunt-cli',
9 verbose parsed url   path: 'grunt-cli',
9 verbose parsed url   href: 'grunt-cli' }
10 silly lockFile 206e3ce5-bower bower
11 verbose lock bower /Users/kehindeayanleye/.npm/206e3ce5-bower.lock
12 silly lockFile 671ef8ac-grunt-cli grunt-cli
13 verbose lock grunt-cli /Users/kehindeayanleye/.npm/671ef8ac-grunt-cli.lock
14 silly lockFile 206e3ce5-bower bower
15 silly lockFile 206e3ce5-bower bower
16 silly lockFile 671ef8ac-grunt-cli grunt-cli
17 silly lockFile 671ef8ac-grunt-cli grunt-cli
18 verbose addNamed [ 'bower', '' ]
19 verbose addNamed [ null, '*' ]
20 silly lockFile 1240aab1-bower bower@
21 verbose lock bower@ /Users/kehindeayanleye/.npm/1240aab1-bower.lock
22 verbose addNamed [ 'grunt-cli', '' ]
23 verbose addNamed [ null, '*' ]
24 silly lockFile d63f3d0b-grunt-cli grunt-cli@
25 verbose lock grunt-cli@ /Users/kehindeayanleye/.npm/d63f3d0b-grunt-cli.lock
26 silly addNameRange { name: 'bower', range: '*', hasData: false }
27 silly addNameRange { name: 'grunt-cli', range: '*', hasData: false }
28 verbose request where is /grunt-cli
29 verbose request registry https://registry.npmjs.org/
30 verbose request id 35451d120dce6fc7
31 verbose url raw /grunt-cli
32 verbose url resolving [ 'https://registry.npmjs.org/', './grunt-cli' ]
33 verbose url resolved https://registry.npmjs.org/grunt-cli
34 verbose request where is https://registry.npmjs.org/grunt-cli
35 info trying registry request attempt 1 at 18:50:09
36 http GET https://registry.npmjs.org/grunt-cli
37 verbose request where is /bower
38 verbose request registry https://registry.npmjs.org/
39 verbose url raw /bower
40 verbose url resolving [ 'https://registry.npmjs.org/', './bower' ]
41 verbose url resolved https://registry.npmjs.org/bower
42 verbose request where is https://registry.npmjs.org/bower
43 info trying registry request attempt 1 at 18:50:10
44 verbose etag "BNEPXH85JRVX0PTJ3Z7BEQ39Y"
45 http GET https://registry.npmjs.org/bower
46 http 304 https://registry.npmjs.org/bower
47 silly registry.get cb [ 304,
47 silly registry.get   { date: 'Mon, 13 Oct 2014 17:50:10 GMT',
47 silly registry.get     server: 'Apache',
47 silly registry.get     via: '1.1 varnish',
47 silly registry.get     'last-modified': 'Mon, 13 Oct 2014 17:50:10 GMT',
47 silly registry.get     'cache-control': 'max-age=60',
47 silly registry.get     etag: '"BNEPXH85JRVX0PTJ3Z7BEQ39Y"',
47 silly registry.get     'x-served-by': 'cache-lcy1130-LCY',
47 silly registry.get     'x-cache': 'HIT',
47 silly registry.get     'x-cache-hits': '1',
47 silly registry.get     'x-timer': 'S1413222610.580775,VS0,VE0',
47 silly registry.get     vary: 'Accept',
47 silly registry.get     'content-length': '0',
47 silly registry.get     'keep-alive': 'timeout=10, max=50',
47 silly registry.get     connection: 'Keep-Alive' } ]
48 verbose etag https://registry.npmjs.org/bower from cache
49 silly addNameRange number 2 { name: 'bower', range: '*', hasData: true }
50 silly addNameRange versions [ 'bower',
50 silly addNameRange   [ '0.1.0',
50 silly addNameRange     '0.1.2',
50 silly addNameRange     '0.1.3',
50 silly addNameRange     '0.2.0',
50 silly addNameRange     '0.3.0',
50 silly addNameRange     '0.3.1',
50 silly addNameRange     '0.3.2',
50 silly addNameRange     '0.4.0',
50 silly addNameRange     '0.5.0',
50 silly addNameRange     '0.5.1',
50 silly addNameRange     '0.6.0',
50 silly addNameRange     '0.6.1',
50 silly addNameRange     '0.6.2',
50 silly addNameRange     '0.6.3',
50 silly addNameRange     '0.6.4',
50 silly addNameRange     '0.6.5',
50 silly addNameRange     '0.6.6',
50 silly addNameRange     '0.6.7',
50 silly addNameRange     '0.6.8',
50 silly addNameRange     '0.7.0',
50 silly addNameRange     '0.7.1',
50 silly addNameRange     '0.8.0',
50 silly addNameRange     '0.8.1',
50 silly addNameRange     '0.8.2',
50 silly addNameRange     '0.8.3',
50 silly addNameRange     '0.8.4',
50 silly addNameRange     '0.8.5',
50 silly addNameRange     '0.8.6',
50 silly addNameRange     '0.9.0',
50 silly addNameRange     '0.9.1',
50 silly addNameRange     '0.9.2',
50 silly addNameRange     '0.10.0',
50 silly addNameRange     '1.0.0',
50 silly addNameRange     '1.0.1',
50 silly addNameRange     '1.0.2',
50 silly addNameRange     '1.0.3',
50 silly addNameRange     '1.1.0',
50 silly addNameRange     '1.1.1',
50 silly addNameRange     '1.1.2',
50 silly addNameRange     '1.2.0',
50 silly addNameRange     '1.2.1',
50 silly addNameRange     '1.2.2',
50 silly addNameRange     '1.2.3',
50 silly addNameRange     '1.2.4',
50 silly addNameRange     '1.2.5',
50 silly addNameRange     '1.2.6',
50 silly addNameRange     '1.2.7',
50 silly addNameRange     '1.2.8',
50 silly addNameRange     '1.3.0',
50 silly addNameRange     '1.3.1',
50 silly addNameRange     '1.3.2',
50 silly addNameRange     '1.3.3',
50 silly addNameRange     '1.3.4',
50 silly addNameRange     '1.3.5',
50 silly addNameRange     '1.3.6',
50 silly addNameRange     '1.3.7',
50 silly addNameRange     '1.3.8',
50 silly addNameRange     '1.3.9',
50 silly addNameRange     '1.3.10',
50 silly addNameRange     '1.3.11',
50 silly addNameRange     '1.3.12' ] ]
51 verbose addNamed [ 'bower', '1.3.12' ]
52 verbose addNamed [ '1.3.12', '1.3.12' ]
53 silly lockFile 9819431c-bower-1-3-12 bower@1.3.12
54 verbose lock bower@1.3.12 /Users/kehindeayanleye/.npm/9819431c-bower-1-3-12.lock
55 http 200 https://registry.npmjs.org/grunt-cli
56 silly registry.get cb [ 200,
56 silly registry.get   { date: 'Mon, 13 Oct 2014 17:50:10 GMT',
56 silly registry.get     server: 'CouchDB/1.5.0 (Erlang OTP/R16B03)',
56 silly registry.get     etag: '"BNILZ9J1NTWZYUS8HRT5S3TNV"',
56 silly registry.get     'content-type': 'application/json',
56 silly registry.get     'cache-control': 'max-age=60',
56 silly registry.get     'content-length': '19906',
56 silly registry.get     'accept-ranges': 'bytes',
56 silly registry.get     via: '1.1 varnish',
56 silly registry.get     age: '557',
56 silly registry.get     'x-served-by': 'cache-lcy1131-LCY',
56 silly registry.get     'x-cache': 'HIT',
56 silly registry.get     'x-cache-hits': '1',
56 silly registry.get     'x-timer': 'S1413222610.586763,VS0,VE0',
56 silly registry.get     vary: 'Accept',
56 silly registry.get     'keep-alive': 'timeout=10, max=50',
56 silly registry.get     connection: 'Keep-Alive' } ]
57 silly addNameRange number 2 { name: 'grunt-cli', range: '*', hasData: true }
58 silly addNameRange versions [ 'grunt-cli',
58 silly addNameRange   [ '0.1.0',
58 silly addNameRange     '0.1.1',
58 silly addNameRange     '0.1.2',
58 silly addNameRange     '0.1.3',
58 silly addNameRange     '0.1.4',
58 silly addNameRange     '0.1.5',
58 silly addNameRange     '0.1.6',
58 silly addNameRange     '0.1.7',
58 silly addNameRange     '0.1.8',
58 silly addNameRange     '0.1.9',
58 silly addNameRange     '0.1.10',
58 silly addNameRange     '0.1.11',
58 silly addNameRange     '0.1.12',
58 silly addNameRange     '0.1.13' ] ]
59 verbose addNamed [ 'grunt-cli', '0.1.13' ]
60 verbose addNamed [ '0.1.13', '0.1.13' ]
61 silly lockFile 28997503-grunt-cli-0-1-13 grunt-cli@0.1.13
62 verbose lock grunt-cli@0.1.13 /Users/kehindeayanleye/.npm/28997503-grunt-cli-0-1-13.lock
63 silly lockFile 9819431c-bower-1-3-12 bower@1.3.12
64 silly lockFile 9819431c-bower-1-3-12 bower@1.3.12
65 silly lockFile 1240aab1-bower bower@
66 silly lockFile 1240aab1-bower bower@
67 silly lockFile ab76c46e-g-grunt-cli-grunt-cli-0-1-13-tgz https://registry.npmjs.org/grunt-cli/-/grunt-cli-0.1.13.tgz
68 verbose lock https://registry.npmjs.org/grunt-cli/-/grunt-cli-0.1.13.tgz /Users/kehindeayanleye/.npm/ab76c46e-g-grunt-cli-grunt-cli-0-1-13-tgz.lock
69 verbose addRemoteTarball [ 'https://registry.npmjs.org/grunt-cli/-/grunt-cli-0.1.13.tgz',
69 verbose addRemoteTarball   'e9ebc4047631f5012d922770c39378133cad10f4' ]
70 info retry fetch attempt 1 at 18:50:10
71 verbose fetch to= /var/folders/1c/5bwxjtn11w7dg2kvvsmymmth0000gp/T/npm-17324-EV51MpAe/registry.npmjs.org/grunt-cli/-/grunt-cli-0.1.13.tgz
72 http GET https://registry.npmjs.org/grunt-cli/-/grunt-cli-0.1.13.tgz
73 http 200 https://registry.npmjs.org/grunt-cli/-/grunt-cli-0.1.13.tgz
74 silly lockFile ab76c46e-g-grunt-cli-grunt-cli-0-1-13-tgz https://registry.npmjs.org/grunt-cli/-/grunt-cli-0.1.13.tgz
75 silly lockFile ab76c46e-g-grunt-cli-grunt-cli-0-1-13-tgz https://registry.npmjs.org/grunt-cli/-/grunt-cli-0.1.13.tgz
76 silly lockFile 28997503-grunt-cli-0-1-13 grunt-cli@0.1.13
77 silly lockFile 28997503-grunt-cli-0-1-13 grunt-cli@0.1.13
78 silly lockFile d63f3d0b-grunt-cli grunt-cli@
79 silly lockFile d63f3d0b-grunt-cli grunt-cli@
80 silly resolved [ { name: 'bower',
80 silly resolved     version: '1.3.12',
80 silly resolved     description: 'The browser package manager',
80 silly resolved     author: { name: 'Twitter' },
80 silly resolved     licenses: [ [Object] ],
80 silly resolved     repository: { type: 'git', url: 'https://github.com/bower/bower' },
80 silly resolved     main: 'lib',
80 silly resolved     homepage: 'http://bower.io',
80 silly resolved     engines: { node: '>=0.10.0' },
80 silly resolved     dependencies:
80 silly resolved      { abbrev: '~1.0.4',
80 silly resolved        archy: '0.0.2',
80 silly resolved        'bower-config': '~0.5.2',
80 silly resolved        'bower-endpoint-parser': '~0.2.2',
80 silly resolved        'bower-json': '~0.4.0',
80 silly resolved        'bower-logger': '~0.2.2',
80 silly resolved        'bower-registry-client': '~0.2.0',
80 silly resolved        cardinal: '0.4.0',
80 silly resolved        chalk: '0.5.0',
80 silly resolved        chmodr: '0.1.0',
80 silly resolved        'decompress-zip': '0.0.8',
80 silly resolved        fstream: '~1.0.2',
80 silly resolved        'fstream-ignore': '~1.0.1',
80 silly resolved        glob: '~4.0.2',
80 silly resolved        'graceful-fs': '~3.0.1',
80 silly resolved        handlebars: '~2.0.0',
80 silly resolved        inquirer: '0.7.1',
80 silly resolved        insight: '0.4.3',
80 silly resolved        'is-root': '~1.0.0',
80 silly resolved        junk: '~1.0.0',
80 silly resolved        lockfile: '~1.0.0',
80 silly resolved        'lru-cache': '~2.5.0',
80 silly resolved        mkdirp: '0.5.0',
80 silly resolved        mout: '~0.9.0',
80 silly resolved        nopt: '~3.0.0',
80 silly resolved        opn: '~1.0.0',
80 silly resolved        osenv: '0.1.0',
80 silly resolved        'p-throttler': '0.1.0',
80 silly resolved        promptly: '0.2.0',
80 silly resolved        q: '~1.0.1',
80 silly resolved        request: '~2.42.0',
80 silly resolved        'request-progress': '0.3.0',
80 silly resolved        retry: '0.6.0',
80 silly resolved        rimraf: '~2.2.0',
80 silly resolved        semver: '~2.3.0',
80 silly resolved        'shell-quote': '~1.4.1',
80 silly resolved        'stringify-object': '~1.0.0',
80 silly resolved        'tar-fs': '0.5.2',
80 silly resolved        tmp: '0.0.23',
80 silly resolved        'update-notifier': '0.2.0',
80 silly resolved        which: '~1.0.5' },
80 silly resolved     devDependencies:
80 silly resolved      { coveralls: '~2.11.0',
80 silly resolved        'expect.js': '~0.3.1',
80 silly resolved        grunt: '~0.4.4',
80 silly resolved        'grunt-cli': '^0.1.13',
80 silly resolved        'grunt-contrib-jshint': '~0.10.0',
80 silly resolved        'grunt-contrib-watch': '~0.6.1',
80 silly resolved        'grunt-exec': '~0.4.2',
80 silly resolved        'grunt-simple-mocha': '~0.4.0',
80 silly resolved        istanbul: '~0.3.2',
80 silly resolved        'load-grunt-tasks': '~0.6.0',
80 silly resolved        mocha: '~1.21.4',
80 silly resolved        nock: '~0.46.0',
80 silly resolved        'node-uuid': '~1.4.1',
80 silly resolved        proxyquire: '~1.0.1' },
80 silly resolved     scripts: { test: 'grunt test' },
80 silly resolved     bin: { bower: 'bin/bower' },
80 silly resolved     preferGlobal: true,
80 silly resolved     gitHead: 'b26c072f0db054a1902ec4d2e3726dbf8a1c799a',
80 silly resolved     bugs: { url: 'https://github.com/bower/bower/issues' },
80 silly resolved     _id: 'bower@1.3.12',
80 silly resolved     _shasum: '37de0edb3904baf90aee13384a1a379a05ee214c',
80 silly resolved     _from: 'bower@',
80 silly resolved     _npmVersion: '2.0.0',
80 silly resolved     _npmUser: { name: 'sheerun', email: 'sheerun@sher.pl' },
80 silly resolved     maintainers: [ [Object], [Object], [Object], [Object], [Object], [Object] ],
80 silly resolved     dist:
80 silly resolved      { shasum: '37de0edb3904baf90aee13384a1a379a05ee214c',
80 silly resolved        tarball: 'http://registry.npmjs.org/bower/-/bower-1.3.12.tgz' },
80 silly resolved     directories: {},
80 silly resolved     _resolved: 'https://registry.npmjs.org/bower/-/bower-1.3.12.tgz',
80 silly resolved     readme: 'ERROR: No README data found!' },
80 silly resolved   { name: 'grunt-cli',
80 silly resolved     description: 'The grunt command line interface.',
80 silly resolved     version: '0.1.13',
80 silly resolved     author: { name: 'Grunt Team' },
80 silly resolved     homepage: 'http://gruntjs.com/',
80 silly resolved     repository: { type: 'git', url: 'git://github.com/gruntjs/grunt-cli.git' },
80 silly resolved     bugs: { url: 'http://github.com/gruntjs/grunt-cli/issues' },
80 silly resolved     licenses: [ [Object] ],
80 silly resolved     bin: { grunt: 'bin/grunt' },
80 silly resolved     engines: { node: '>= 0.8.0' },
80 silly resolved     scripts: { test: 'node bin/grunt test' },
80 silly resolved     preferGlobal: true,
80 silly resolved     dependencies: { nopt: '~1.0.10', 'findup-sync': '~0.1.0', resolve: '~0.3.1' },
80 silly resolved     devDependencies: { grunt: '~0.4.0', 'grunt-contrib-jshint': '~0.2.0' },
80 silly resolved     contributors: [ [Object], [Object], [Object], [Object] ],
80 silly resolved     _id: 'grunt-cli@0.1.13',
80 silly resolved     dist:
80 silly resolved      { shasum: 'e9ebc4047631f5012d922770c39378133cad10f4',
80 silly resolved        tarball: 'http://registry.npmjs.org/grunt-cli/-/grunt-cli-0.1.13.tgz' },
80 silly resolved     _from: 'grunt-cli@',
80 silly resolved     _npmVersion: '1.3.24',
80 silly resolved     _npmUser: { name: 'tkellen', email: 'tyler@sleekcode.net' },
80 silly resolved     maintainers: [ [Object] ],
80 silly resolved     directories: {},
80 silly resolved     _shasum: 'e9ebc4047631f5012d922770c39378133cad10f4',
80 silly resolved     _resolved: 'https://registry.npmjs.org/grunt-cli/-/grunt-cli-0.1.13.tgz' } ]
81 info install bower@1.3.12 into /usr/local/lib
82 info install grunt-cli@0.1.13 into /usr/local/lib
83 info installOne bower@1.3.12
84 info installOne grunt-cli@0.1.13
85 verbose lib/node_modules/bower unbuild
86 verbose lib/node_modules/grunt-cli unbuild
87 verbose tar unpack /Users/kehindeayanleye/.npm/grunt-cli/0.1.13/package.tgz
88 silly lockFile 466968dc-local-lib-node-modules-grunt-cli tar:///usr/local/lib/node_modules/grunt-cli
89 verbose lock tar:///usr/local/lib/node_modules/grunt-cli /Users/kehindeayanleye/.npm/466968dc-local-lib-node-modules-grunt-cli.lock
90 silly lockFile d3660f67-npm-grunt-cli-0-1-13-package-tgz tar:///Users/kehindeayanleye/.npm/grunt-cli/0.1.13/package.tgz
91 verbose lock tar:///Users/kehindeayanleye/.npm/grunt-cli/0.1.13/package.tgz /Users/kehindeayanleye/.npm/d3660f67-npm-grunt-cli-0-1-13-package-tgz.lock
92 silly gunzTarPerm modes [ '755', '644' ]
93 error Error: EACCES, mkdir '/usr/local/lib/node_modules/grunt-cli'
93 error  { [Error: EACCES, mkdir '/usr/local/lib/node_modules/grunt-cli']
93 error   errno: 3,
93 error   code: 'EACCES',
93 error   path: '/usr/local/lib/node_modules/grunt-cli',
93 error   fstream_type: 'Directory',
93 error   fstream_path: '/usr/local/lib/node_modules/grunt-cli',
93 error   fstream_class: 'DirWriter',
93 error   fstream_stack:
93 error    [ '/usr/local/lib/node_modules/npm/node_modules/fstream/lib/dir-writer.js:36:23',
93 error      '/usr/local/lib/node_modules/npm/node_modules/mkdirp/index.js:46:53',
93 error      'Object.oncomplete (fs.js:107:15)' ] }
94 error Please try running this command again as root/Administrator.
95 error System Darwin 14.0.0
96 error command "node" "/usr/local/bin/npm" "install" "-g" "bower" "grunt-cli"
97 error cwd /Users/kehindeayanleye/Documents/STUTERN/intern
98 error node -v v0.10.32
99 error npm -v 1.4.28
100 error path /usr/local/lib/node_modules/grunt-cli
101 error fstream_path /usr/local/lib/node_modules/grunt-cli
102 error fstream_type Directory
103 error fstream_class DirWriter
104 error code EACCES
105 error errno 3
106 error stack Error: EACCES, mkdir '/usr/local/lib/node_modules/grunt-cli'
107 error fstream_stack /usr/local/lib/node_modules/npm/node_modules/fstream/lib/dir-writer.js:36:23
107 error fstream_stack /usr/local/lib/node_modules/npm/node_modules/mkdirp/index.js:46:53
107 error fstream_stack Object.oncomplete (fs.js:107:15)
108 verbose exit [ 3, true ]
